2024-10-08 12:54:50 INFO  HomePageTestCase:45 - Starting test execution
  2024-10-08 12:54:51 INFO  HomePageTestCase:50 - Browser initialized successfully
  2024-10-08 12:55:18 INFO  HomePageTestCase:55 - Verified sign-in link on Luma home page
  2024-10-08 12:55:18 INFO  HomePageTestCase:62 - Navigating to WhatsNew
  2024-10-08 12:55:21 INFO  HomePageTestCase:78 - Successfully navigated to WhatsNew
  2024-10-08 12:55:21 INFO  HomePageTestCase:62 - Navigating to Women
  2024-10-08 12:55:43 INFO  HomePageTestCase:78 - Successfully navigated to Women
  2024-10-08 12:55:43 INFO  HomePageTestCase:62 - Navigating to Men
  2024-10-08 12:55:45 INFO  HomePageTestCase:78 - Successfully navigated to Men
  2024-10-08 12:55:45 INFO  HomePageTestCase:62 - Navigating to Gear
  2024-10-08 12:55:46 INFO  HomePageTestCase:78 - Successfully navigated to Gear
  2024-10-08 12:55:46 INFO  HomePageTestCase:62 - Navigating to Training
  2024-10-08 12:55:47 INFO  HomePageTestCase:78 - Successfully navigated to Training
  2024-10-08 12:55:47 INFO  HomePageTestCase:62 - Navigating to Sale
  2024-10-08 12:55:49 INFO  HomePageTestCase:78 - Successfully navigated to Sale
  2024-10-08 12:55:49 INFO  HomePageTestCase:132 - Tearing down the test
  2024-10-08 12:55:50 INFO  HomePageTestCase:135 - Browser closed
  2024-10-08 12:55:50 INFO  HomePageTestCase:40 - Starting test execution
  2024-10-08 12:55:50 INFO  HomePageTestCase:45 - Browser initialized successfully
  2024-10-08 12:55:55 INFO  HomePageTestCase:59 - Verify page title
  2024-10-08 12:55:55 INFO  HomePageTestCase:68 - Verify test create an account button
  2024-10-08 12:55:55 INFO  HomePageTestCase:77 - Test signin functionality
  2024-10-08 12:56:56 INFO  HomePageTestCase:93 - Tearing down the test
  2024-10-08 12:56:56 INFO  HomePageTestCase:96 - Browser closed
  2024-10-08 15:02:19 INFO  HomePageTestCase:45 - Starting test execution
  2024-10-08 15:02:20 INFO  HomePageTestCase:50 - Browser initialized successfully
  2024-10-08 15:03:27 INFO  HomePageTestCase:45 - Starting test execution
  2024-10-08 15:03:27 INFO  HomePageTestCase:50 - Browser initialized successfully
  2024-10-08 15:03:50 INFO  HomePageTestCase:55 - Verified sign-in link on Luma home page
  2024-10-08 15:03:50 INFO  HomePageTestCase:62 - Navigating to WhatsNew
  2024-10-08 15:03:55 INFO  HomePageTestCase:78 - Successfully navigated to WhatsNew
  2024-10-08 15:03:55 INFO  HomePageTestCase:62 - Navigating to Women
  2024-10-08 15:03:58 INFO  HomePageTestCase:78 - Successfully navigated to Women
  2024-10-08 15:03:58 INFO  HomePageTestCase:62 - Navigating to Men
  2024-10-08 15:04:00 INFO  HomePageTestCase:78 - Successfully navigated to Men
  2024-10-08 15:04:00 INFO  HomePageTestCase:62 - Navigating to Gear
  2024-10-08 15:04:02 INFO  HomePageTestCase:78 - Successfully navigated to Gear
  2024-10-08 15:04:02 INFO  HomePageTestCase:62 - Navigating to Training
  2024-10-08 15:04:04 INFO  HomePageTestCase:78 - Successfully navigated to Training
  2024-10-08 15:04:04 INFO  HomePageTestCase:62 - Navigating to Sale
  2024-10-08 15:04:06 INFO  HomePageTestCase:78 - Successfully navigated to Sale
  2024-10-08 15:04:06 INFO  HomePageTestCase:132 - Tearing down the test
  2024-10-08 15:04:07 INFO  HomePageTestCase:135 - Browser closed
  2024-10-08 15:04:07 INFO  HomePageTestCase:40 - Starting test execution
  2024-10-08 15:04:07 INFO  HomePageTestCase:45 - Browser initialized successfully
  2024-10-08 15:04:16 INFO  HomePageTestCase:59 - Verify page title
  2024-10-08 15:04:16 INFO  HomePageTestCase:68 - Verify test create an account button
  2024-10-08 15:04:16 INFO  HomePageTestCase:77 - Test signin functionality
  2024-10-08 15:04:20 INFO  HomePageTestCase:93 - Tearing down the test
  2024-10-08 15:04:20 INFO  HomePageTestCase:96 - Browser closed
  2024-10-08 15:04:20 INFO  HomePageTestCase:39 - Starting test execution
  2024-10-08 15:04:20 INFO  HomePageTestCase:43 - Browser initialized successfully
  2024-10-08 15:04:24 INFO  HomePageTestCase:53 - Test page title
  2024-10-08 15:04:39 INFO  HomePageTestCase:64 - Test logo
  2024-10-08 15:04:39 INFO  HomePageTestCase:75 - Test signin page  navigate 
  2024-10-08 15:04:40 INFO  HomePageTestCase:83 - Tearing down the test
  2024-10-08 15:04:40 INFO  HomePageTestCase:86 - Browser closed
  2024-10-08 15:04:40 INFO  HomePageTestCase:52 - Starting test execution
  2024-10-08 15:04:40 INFO  HomePageTestCase:56 - Browser initialized successfully
  2024-10-08 15:04:52 INFO  HomePageTestCase:68 - Verify page title
  2024-10-08 15:04:54 INFO  HomePageTestCase:80 - Test Create new account 
  2024-10-08 15:05:00 INFO  HomePageTestCase:80 - Test Create new account 
  2024-10-08 15:05:06 INFO  HomePageTestCase:80 - Test Create new account 
  2024-10-08 15:05:13 INFO  HomePageTestCase:80 - Test Create new account 
  2024-10-08 15:05:19 INFO  HomePageTestCase:80 - Test Create new account 
  2024-10-08 15:05:23 INFO  HomePageTestCase:80 - Test Create new account 
  2024-10-08 15:05:26 INFO  HomePageTestCase:80 - Test Create new account 
  2024-10-08 15:05:30 INFO  HomePageTestCase:80 - Test Create new account 
  2024-10-08 15:05:33 INFO  HomePageTestCase:80 - Test Create new account 
  2024-10-08 15:05:37 INFO  HomePageTestCase:80 - Test Create new account 
  2024-10-08 15:05:40 INFO  HomePageTestCase:88 - Tearing down the test
  2024-10-08 15:05:41 INFO  HomePageTestCase:91 - Browser closed
  2024-10-09 14:37:52 INFO  HomePageTestCase:45 - Starting test execution
  2024-10-09 14:38:07 INFO  HomePageTestCase:49 - Verified sign-in link on Luma home page
  2024-10-09 14:38:07 INFO  HomePageTestCase:56 - Navigating to WhatsNew
  2024-10-09 14:38:09 INFO  HomePageTestCase:72 - Successfully navigated to WhatsNew
  2024-10-09 14:38:09 INFO  HomePageTestCase:56 - Navigating to Women
  2024-10-09 14:38:12 INFO  HomePageTestCase:72 - Successfully navigated to Women
  2024-10-09 14:38:12 INFO  HomePageTestCase:56 - Navigating to Men
  2024-10-09 14:38:15 INFO  HomePageTestCase:72 - Successfully navigated to Men
  2024-10-09 14:38:15 INFO  HomePageTestCase:56 - Navigating to Gear
  2024-10-09 14:38:16 INFO  HomePageTestCase:72 - Successfully navigated to Gear
  2024-10-09 14:38:16 INFO  HomePageTestCase:56 - Navigating to Training
  2024-10-09 14:38:18 INFO  HomePageTestCase:72 - Successfully navigated to Training
  2024-10-09 14:38:18 INFO  HomePageTestCase:56 - Navigating to Sale
  2024-10-09 14:38:20 INFO  HomePageTestCase:72 - Successfully navigated to Sale
  2024-10-09 14:38:20 INFO  HomePageTestCase:126 - Tearing down the test
  2024-10-09 14:38:21 INFO  HomePageTestCase:129 - Browser closed
  2024-10-09 14:38:21 INFO  HomePageTestCase:40 - Starting test execution
  2024-10-09 14:38:21 INFO  HomePageTestCase:45 - Browser initialized successfully
  2024-10-09 14:38:29 INFO  HomePageTestCase:59 - Verify page title
  2024-10-09 14:38:29 INFO  HomePageTestCase:68 - Verify test create an account button
  2024-10-09 14:38:29 INFO  HomePageTestCase:77 - Test signin functionality
  2024-10-09 14:38:31 INFO  HomePageTestCase:93 - Tearing down the test
  2024-10-09 14:38:32 INFO  HomePageTestCase:96 - Browser closed
  2024-10-09 14:38:32 INFO  HomePageTestCase:39 - Starting test execution
  2024-10-09 14:38:32 INFO  HomePageTestCase:43 - Browser initialized successfully
  2024-10-09 14:38:52 INFO  HomePageTestCase:53 - Test page title
  2024-10-09 14:38:52 INFO  HomePageTestCase:64 - Test logo
  2024-10-09 14:38:53 INFO  HomePageTestCase:75 - Test signin page  navigate 
  2024-10-09 14:38:54 INFO  HomePageTestCase:83 - Tearing down the test
  2024-10-09 14:38:56 INFO  HomePageTestCase:86 - Browser closed
  2024-10-09 14:38:56 INFO  HomePageTestCase:52 - Starting test execution
  2024-10-09 14:38:56 INFO  HomePageTestCase:56 - Browser initialized successfully
  2024-10-09 14:39:15 INFO  HomePageTestCase:68 - Verify page title
  2024-10-09 14:39:17 INFO  HomePageTestCase:80 - Test Create new account 
  2024-10-09 14:39:22 INFO  HomePageTestCase:80 - Test Create new account 
  2024-10-09 14:39:30 INFO  HomePageTestCase:80 - Test Create new account 
  2024-10-09 14:39:35 INFO  HomePageTestCase:80 - Test Create new account 
  2024-10-09 14:39:40 INFO  HomePageTestCase:80 - Test Create new account 
  2024-10-09 14:39:44 INFO  HomePageTestCase:80 - Test Create new account 
  2024-10-09 14:39:47 INFO  HomePageTestCase:80 - Test Create new account 
  2024-10-09 14:39:50 INFO  HomePageTestCase:80 - Test Create new account 
  2024-10-09 14:39:53 INFO  HomePageTestCase:80 - Test Create new account 
  2024-10-09 14:39:57 INFO  HomePageTestCase:80 - Test Create new account 
  2024-10-09 14:40:00 INFO  HomePageTestCase:88 - Tearing down the test
  2024-10-09 14:40:01 INFO  HomePageTestCase:91 - Browser closed
  2024-10-09 14:47:29 INFO  HomePageTestCase:45 - Starting test execution
  2024-10-09 14:47:29 INFO  HomePageTestCase:50 - Browser initialized successfully
  2024-10-09 14:47:49 INFO  HomePageTestCase:55 - Verified sign-in link on Luma home page
  2024-10-09 14:47:50 INFO  HomePageTestCase:62 - Navigating to WhatsNew
  2024-10-09 14:47:57 INFO  HomePageTestCase:78 - Successfully navigated to WhatsNew
  2024-10-09 14:47:57 INFO  HomePageTestCase:62 - Navigating to Women
  2024-10-09 14:47:59 INFO  HomePageTestCase:78 - Successfully navigated to Women
  2024-10-09 14:48:00 INFO  HomePageTestCase:62 - Navigating to Men
  2024-10-09 14:48:02 INFO  HomePageTestCase:78 - Successfully navigated to Men
  2024-10-09 14:48:02 INFO  HomePageTestCase:62 - Navigating to Gear
  2024-10-09 14:48:04 INFO  HomePageTestCase:78 - Successfully navigated to Gear
  2024-10-09 14:48:04 INFO  HomePageTestCase:62 - Navigating to Training
  2024-10-09 14:48:06 INFO  HomePageTestCase:78 - Successfully navigated to Training
  2024-10-09 14:48:06 INFO  HomePageTestCase:62 - Navigating to Sale
  2024-10-09 14:48:07 INFO  HomePageTestCase:78 - Successfully navigated to Sale
  2024-10-09 14:48:07 INFO  HomePageTestCase:132 - Tearing down the test
  2024-10-09 14:48:09 INFO  HomePageTestCase:135 - Browser closed
  2024-10-09 14:48:09 INFO  HomePageTestCase:40 - Starting test execution
  2024-10-09 14:48:09 INFO  HomePageTestCase:45 - Browser initialized successfully
  2024-10-09 14:48:16 INFO  HomePageTestCase:59 - Verify page title
  2024-10-09 14:48:17 INFO  HomePageTestCase:68 - Verify test create an account button
  2024-10-09 14:48:17 INFO  HomePageTestCase:77 - Test signin functionality
  2024-10-09 14:48:23 INFO  HomePageTestCase:93 - Tearing down the test
  2024-10-09 14:48:23 INFO  HomePageTestCase:96 - Browser closed
  2024-10-09 14:48:23 INFO  HomePageTestCase:39 - Starting test execution
  2024-10-09 14:48:23 INFO  HomePageTestCase:43 - Browser initialized successfully
  2024-10-09 14:48:31 INFO  HomePageTestCase:53 - Test page title
  2024-10-09 14:48:32 INFO  HomePageTestCase:64 - Test logo
  2024-10-09 14:48:32 INFO  HomePageTestCase:75 - Test signin page  navigate 
  2024-10-09 14:48:35 INFO  HomePageTestCase:83 - Tearing down the test
  2024-10-09 14:48:36 INFO  HomePageTestCase:86 - Browser closed
  2024-10-09 14:48:36 INFO  HomePageTestCase:52 - Starting test execution
  2024-10-09 14:48:36 INFO  HomePageTestCase:56 - Browser initialized successfully
  2024-10-09 14:48:47 INFO  HomePageTestCase:68 - Verify page title
  2024-10-09 14:48:49 INFO  HomePageTestCase:80 - Test Create new account 
  2024-10-09 14:48:54 INFO  HomePageTestCase:80 - Test Create new account 
  2024-10-09 14:49:01 INFO  HomePageTestCase:80 - Test Create new account 
  2024-10-09 14:49:07 INFO  HomePageTestCase:80 - Test Create new account 
  2024-10-09 14:49:13 INFO  HomePageTestCase:80 - Test Create new account 
  2024-10-09 14:49:17 INFO  HomePageTestCase:80 - Test Create new account 
  2024-10-09 14:49:20 INFO  HomePageTestCase:80 - Test Create new account 
  2024-10-09 14:49:23 INFO  HomePageTestCase:80 - Test Create new account 
  2024-10-09 14:49:26 INFO  HomePageTestCase:80 - Test Create new account 
  2024-10-09 14:49:30 INFO  HomePageTestCase:80 - Test Create new account 
  2024-10-09 14:49:33 INFO  HomePageTestCase:88 - Tearing down the test
  2024-10-09 14:49:34 INFO  HomePageTestCase:91 - Browser closed
  2024-10-09 16:11:31 INFO  HomePageTestCase:37 - Starting test execution
  2024-10-09 16:11:56 INFO  HomePageTestCase:42 - Verified sign-in link on Luma home page
  2024-10-09 16:11:56 INFO  HomePageTestCase:49 - Navigating to WhatsNew
  2024-10-09 16:12:00 INFO  HomePageTestCase:65 - Successfully navigated to WhatsNew
  2024-10-09 16:12:01 INFO  HomePageTestCase:49 - Navigating to Women
  2024-10-09 16:12:02 INFO  HomePageTestCase:65 - Successfully navigated to Women
  2024-10-09 16:12:03 INFO  HomePageTestCase:49 - Navigating to Men
  2024-10-09 16:12:05 INFO  HomePageTestCase:65 - Successfully navigated to Men
  2024-10-09 16:12:05 INFO  HomePageTestCase:49 - Navigating to Gear
  2024-10-09 16:12:07 INFO  HomePageTestCase:65 - Successfully navigated to Gear
  2024-10-09 16:12:07 INFO  HomePageTestCase:49 - Navigating to Training
  2024-10-09 16:12:09 INFO  HomePageTestCase:65 - Successfully navigated to Training
  2024-10-09 16:12:09 INFO  HomePageTestCase:49 - Navigating to Sale
  2024-10-09 16:12:11 INFO  HomePageTestCase:65 - Successfully navigated to Sale
  2024-10-09 16:12:11 INFO  HomePageTestCase:119 - Tearing down the test
  2024-10-09 16:12:12 INFO  HomePageTestCase:122 - Browser closed
  2024-10-09 16:12:12 INFO  HomePageTestCase:35 - Starting test execution
  2024-10-09 16:12:12 INFO  HomePageTestCase:37 - Browser initialized successfully
  2024-10-09 16:12:25 INFO  HomePageTestCase:51 - Verify page title
  2024-10-09 16:12:25 INFO  HomePageTestCase:60 - Verify test create an account button
  2024-10-09 16:12:25 INFO  HomePageTestCase:69 - Test signin functionality
  2024-10-09 16:12:29 INFO  HomePageTestCase:85 - Tearing down the test
  2024-10-09 16:12:29 INFO  HomePageTestCase:90 - Browser closed
  2024-10-09 16:12:29 INFO  HomePageTestCase:35 - Starting test execution
  2024-10-09 16:12:29 INFO  HomePageTestCase:36 - Browser initialized successfully
  2024-10-09 16:12:35 INFO  HomePageTestCase:46 - Test page title
  2024-10-09 16:12:35 INFO  HomePageTestCase:57 - Test logo
  2024-10-09 16:12:35 INFO  HomePageTestCase:68 - Test signin page  navigate 
  2024-10-09 16:12:37 INFO  HomePageTestCase:76 - Tearing down the test
  2024-10-09 16:12:37 INFO  HomePageTestCase:79 - Browser closed
  2024-10-09 16:12:37 INFO  HomePageTestCase:48 - Starting test execution
  2024-10-09 16:12:37 INFO  HomePageTestCase:49 - Browser initialized successfully
  2024-10-09 16:12:44 INFO  HomePageTestCase:61 - Verify page title
  2024-10-09 16:12:46 INFO  HomePageTestCase:73 - Test Create new account 
  2024-10-09 16:12:51 INFO  HomePageTestCase:73 - Test Create new account 
  2024-10-09 16:12:56 INFO  HomePageTestCase:73 - Test Create new account 
  2024-10-09 16:13:01 INFO  HomePageTestCase:73 - Test Create new account 
  2024-10-09 16:13:07 INFO  HomePageTestCase:73 - Test Create new account 
  2024-10-09 16:13:10 INFO  HomePageTestCase:73 - Test Create new account 
  2024-10-09 16:13:13 INFO  HomePageTestCase:73 - Test Create new account 
  2024-10-09 16:13:17 INFO  HomePageTestCase:73 - Test Create new account 
  2024-10-09 16:13:20 INFO  HomePageTestCase:73 - Test Create new account 
  2024-10-09 16:13:23 INFO  HomePageTestCase:73 - Test Create new account 
  2024-10-09 16:13:27 INFO  HomePageTestCase:81 - Tearing down the test
  2024-10-09 16:13:27 INFO  HomePageTestCase:84 - Browser closed
  2024-10-09 16:16:13 INFO  HomePageTestCase:37 - Starting test execution
  2024-10-09 16:17:14 INFO  HomePageTestCase:42 - Verified sign-in link on Luma home page
  2024-10-09 16:17:15 INFO  HomePageTestCase:49 - Navigating to WhatsNew
  2024-10-09 16:17:17 INFO  HomePageTestCase:65 - Successfully navigated to WhatsNew
  2024-10-09 16:17:17 INFO  HomePageTestCase:49 - Navigating to Women
  2024-10-09 16:17:20 INFO  HomePageTestCase:65 - Successfully navigated to Women
  2024-10-09 16:17:20 INFO  HomePageTestCase:49 - Navigating to Men
  2024-10-09 16:17:22 INFO  HomePageTestCase:65 - Successfully navigated to Men
  2024-10-09 16:17:22 INFO  HomePageTestCase:49 - Navigating to Gear
  2024-10-09 16:17:25 INFO  HomePageTestCase:65 - Successfully navigated to Gear
  2024-10-09 16:17:25 INFO  HomePageTestCase:49 - Navigating to Training
  2024-10-09 16:17:27 INFO  HomePageTestCase:65 - Successfully navigated to Training
  2024-10-09 16:17:27 INFO  HomePageTestCase:49 - Navigating to Sale
  2024-10-09 16:17:29 INFO  HomePageTestCase:65 - Successfully navigated to Sale
  2024-10-09 16:17:29 INFO  HomePageTestCase:119 - Tearing down the test
  2024-10-09 16:17:30 INFO  HomePageTestCase:122 - Browser closed
  2024-10-09 16:17:30 INFO  HomePageTestCase:32 - Starting test execution
  2024-10-09 16:17:30 INFO  HomePageTestCase:34 - Browser initialized successfully
  2024-10-09 16:17:39 INFO  HomePageTestCase:48 - Verify page title
  2024-10-09 16:17:39 INFO  HomePageTestCase:57 - Verify test create an account button
  2024-10-09 16:17:39 INFO  HomePageTestCase:66 - Test signin functionality
  2024-10-09 16:17:42 INFO  HomePageTestCase:82 - Tearing down the test
  2024-10-09 16:17:42 INFO  HomePageTestCase:87 - Browser closed
  2024-10-09 16:17:42 INFO  HomePageTestCase:32 - Starting test execution
  2024-10-09 16:17:42 INFO  HomePageTestCase:33 - Browser initialized successfully
  2024-10-09 16:17:47 INFO  HomePageTestCase:43 - Test page title
  2024-10-09 16:17:47 INFO  HomePageTestCase:54 - Test logo
  2024-10-09 16:17:47 INFO  HomePageTestCase:65 - Test signin page  navigate 
  2024-10-09 16:17:49 INFO  HomePageTestCase:73 - Tearing down the test
  2024-10-09 16:17:49 INFO  HomePageTestCase:76 - Browser closed
  2024-10-09 16:17:49 INFO  HomePageTestCase:45 - Starting test execution
  2024-10-09 16:17:49 INFO  HomePageTestCase:46 - Browser initialized successfully
  2024-10-09 16:17:58 INFO  HomePageTestCase:58 - Verify page title
  2024-10-09 16:18:00 INFO  HomePageTestCase:70 - Test Create new account 
  2024-10-09 16:18:05 INFO  HomePageTestCase:70 - Test Create new account 
  2024-10-09 16:18:10 INFO  HomePageTestCase:70 - Test Create new account 
  2024-10-09 16:18:15 INFO  HomePageTestCase:70 - Test Create new account 
  2024-10-09 16:18:23 INFO  HomePageTestCase:70 - Test Create new account 
  2024-10-09 16:18:26 INFO  HomePageTestCase:70 - Test Create new account 
  2024-10-09 16:18:30 INFO  HomePageTestCase:70 - Test Create new account 
  2024-10-09 16:18:33 INFO  HomePageTestCase:70 - Test Create new account 
  2024-10-09 16:18:36 INFO  HomePageTestCase:70 - Test Create new account 
  2024-10-09 16:18:40 INFO  HomePageTestCase:70 - Test Create new account 
  2024-10-09 16:18:43 INFO  HomePageTestCase:78 - Tearing down the test
  2024-10-09 16:18:44 INFO  HomePageTestCase:81 - Browser closed
  